*********************************************************************
* LD Score Regression (LDSC)
* Version 1.0.1
* (C) 2014-2019 Brendan Bulik-Sullivan and Hilary Finucane
* Broad Institute of MIT and Harvard / MIT Department of Mathematics
* GNU General Public License v3
*********************************************************************
Call: 
./ldsc.py \
--ref-ld-chr /Users/irenecho/Desktop/BMI/HW4-selected/ldsc_inputs/for_h2/eur_w_ld_chr/ \
--out /Users/irenecho/Desktop/final/ldscstep/corr \
--rg /Users/irenecho/Desktop/final/ldscstep/step1/bald/baldness.step1.sumstats.gz,/Users/irenecho/Desktop/final/ldscstep/step1/smoke/step1.sumstats.gz \
--w-ld-chr /Users/irenecho/Desktop/BMI/HW4-selected/ldsc_inputs/for_h2/eur_w_ld_chr/ 

Beginning analysis at Tue May  3 21:19:56 2022
Reading summary statistics from /Users/irenecho/Desktop/final/ldscstep/step1/bald/baldness.step1.sumstats.gz ...
Read summary statistics for 1167696 SNPs.
Reading reference panel LD Score from /Users/irenecho/Desktop/BMI/HW4-selected/ldsc_inputs/for_h2/eur_w_ld_chr/[1-22] ... (ldscore_fromlist)
Read reference panel LD Scores for 1293150 SNPs.
Removing partitioned LD Scores with zero variance.
Reading regression weight LD Score from /Users/irenecho/Desktop/BMI/HW4-selected/ldsc_inputs/for_h2/eur_w_ld_chr/[1-22] ... (ldscore_fromlist)
Read regression weight LD Scores for 1293150 SNPs.
After merging with reference panel LD, 1139643 SNPs remain.
After merging with regression SNP LD, 1139643 SNPs remain.
Computing rg for phenotype 2/2
Reading summary statistics from /Users/irenecho/Desktop/final/ldscstep/step1/smoke/step1.sumstats.gz ...
Read summary statistics for 1217311 SNPs.
After merging with summary statistics, 1139643 SNPs remain.
1121211 SNPs with valid alleles.

Heritability of phenotype 1
---------------------------
Total Observed scale h2: 0.3418 (0.0339)
Lambda GC: 1.4926
Mean Chi^2: 2.5685
Intercept: 1.1874 (0.0437)
Ratio: 0.1195 (0.0278)

Heritability of phenotype 2/2
-----------------------------
Total Observed scale h2: 0.0693 (0.0024)
Lambda GC: 1.5035
Mean Chi^2: 1.7598
Intercept: 0.8866 (0.0096)
Ratio < 0 (usually indicates GC correction).

Genetic Covariance
------------------
Total Observed scale gencov: 0.0054 (0.0025)
Mean z1*z2: 0.0379
Intercept: 0.0136 (0.0068)

Genetic Correlation
-------------------
Genetic Correlation: 0.0349 (0.0164)
Z-score: 2.1313
P: 0.0331


Summary of Genetic Correlation Results
                                                                           p1                                                                    p2      rg      se       z       p  h2_obs  h2_obs_se  h2_int  h2_int_se  gcov_int  gcov_int_se
 /Users/irenecho/Desktop/final/ldscstep/step1/bald/baldness.step1.sumstats.gz  /Users/irenecho/Desktop/final/ldscstep/step1/smoke/step1.sumstats.gz  0.0349  0.0164  2.1313  0.0331  0.0693     0.0024  0.8866     0.0096    0.0136       0.0068

Analysis finished at Tue May  3 21:20:11 2022
Total time elapsed: 14.97s
