*********************************************************************
* LD Score Regression (LDSC)
* Version 1.0.1
* (C) 2014-2019 Brendan Bulik-Sullivan and Hilary Finucane
* Broad Institute of MIT and Harvard / MIT Department of Mathematics
* GNU General Public License v3
*********************************************************************
Call: 
./ldsc.py \
--ref-ld-chr /Users/irenecho/Desktop/BMI/HW4-selected/ldsc_inputs/for_h2/eur_w_ld_chr/ \
--out /Users/irenecho/Desktop/final/ldscstep/corr \
--rg /Users/irenecho/Desktop/final/ldscstep/step1/bald/baldness.step1.sumstats.gz,/Users/irenecho/Desktop/final/ldscstep/step1/lonliness/lonlinessstep1.sumstats.gz \
--w-ld-chr /Users/irenecho/Desktop/BMI/HW4-selected/ldsc_inputs/for_h2/eur_w_ld_chr/ 

Beginning analysis at Tue May  3 21:36:06 2022
Reading summary statistics from /Users/irenecho/Desktop/final/ldscstep/step1/bald/baldness.step1.sumstats.gz ...
Read summary statistics for 1167696 SNPs.
Reading reference panel LD Score from /Users/irenecho/Desktop/BMI/HW4-selected/ldsc_inputs/for_h2/eur_w_ld_chr/[1-22] ... (ldscore_fromlist)
Read reference panel LD Scores for 1293150 SNPs.
Removing partitioned LD Scores with zero variance.
Reading regression weight LD Score from /Users/irenecho/Desktop/BMI/HW4-selected/ldsc_inputs/for_h2/eur_w_ld_chr/[1-22] ... (ldscore_fromlist)
Read regression weight LD Scores for 1293150 SNPs.
After merging with reference panel LD, 1139643 SNPs remain.
After merging with regression SNP LD, 1139643 SNPs remain.
Computing rg for phenotype 2/2
Reading summary statistics from /Users/irenecho/Desktop/final/ldscstep/step1/lonliness/lonlinessstep1.sumstats.gz ...
Read summary statistics for 1217311 SNPs.
After merging with summary statistics, 1139643 SNPs remain.
1130954 SNPs with valid alleles.

Heritability of phenotype 1
---------------------------
Total Observed scale h2: 0.3361 (0.034)
Lambda GC: 1.4926
Mean Chi^2: 2.5716
Intercept: 1.2009 (0.0466)
Ratio: 0.1279 (0.0297)

Heritability of phenotype 2/2
-----------------------------
Total Observed scale h2: 0.0375 (0.0019)
Lambda GC: 1.3101
Mean Chi^2: 1.3549
Intercept: 1.0209 (0.008)
Ratio: 0.0588 (0.0225)

Genetic Covariance
------------------
Total Observed scale gencov: -0.0019 (0.0025)
Mean z1*z2: 0.0013
Intercept: 0.0131 (0.0066)

Genetic Correlation
-------------------
Genetic Correlation: -0.0166 (0.0221)
Z-score: -0.7526
P: 0.4517


Summary of Genetic Correlation Results
                                                                           p1                                                                                 p2      rg      se       z       p  h2_obs  h2_obs_se  h2_int  h2_int_se  gcov_int  gcov_int_se
 /Users/irenecho/Desktop/final/ldscstep/step1/bald/baldness.step1.sumstats.gz  /Users/irenecho/Desktop/final/ldscstep/step1/lonliness/lonlinessstep1.sumstats.gz -0.0166  0.0221 -0.7526  0.4517  0.0375     0.0019  1.0209      0.008    0.0131       0.0066

Analysis finished at Tue May  3 21:36:21 2022
Total time elapsed: 14.39s
