*********************************************************************
* LD Score Regression (LDSC)
* Version 1.0.1
* (C) 2014-2019 Brendan Bulik-Sullivan and Hilary Finucane
* Broad Institute of MIT and Harvard / MIT Department of Mathematics
* GNU General Public License v3
*********************************************************************
Call: 
./ldsc.py \
--h2 /Users/irenecho/Desktop/final/ldscstep/step1/baldness.step1.sumstats.gz \
--ref-ld-chr /Users/irenecho/Desktop/BMI/HW4-selected/ldsc_inputs/for_h2/eur_w_ld_chr/ \
--out /Users/irenecho/Desktop/final/ldscstep \
--w-ld-chr /Users/irenecho/Desktop/BMI/HW4-selected/ldsc_inputs/for_h2/eur_w_ld_chr/ 

Beginning analysis at Mon May  2 04:16:34 2022
Reading summary statistics from /Users/irenecho/Desktop/final/ldscstep/step1/baldness.step1.sumstats.gz ...
Read summary statistics for 1167696 SNPs.
Reading reference panel LD Score from /Users/irenecho/Desktop/BMI/HW4-selected/ldsc_inputs/for_h2/eur_w_ld_chr/[1-22] ... (ldscore_fromlist)
Read reference panel LD Scores for 1293150 SNPs.
Removing partitioned LD Scores with zero variance.
Reading regression weight LD Score from /Users/irenecho/Desktop/BMI/HW4-selected/ldsc_inputs/for_h2/eur_w_ld_chr/[1-22] ... (ldscore_fromlist)
Read regression weight LD Scores for 1293150 SNPs.
After merging with reference panel LD, 1139643 SNPs remain.
After merging with regression SNP LD, 1139643 SNPs remain.
Using two-step estimator with cutoff at 30.
Total Observed scale h2: 0.324 (0.0265)
Lambda GC: 1.4926
Mean Chi^2: 2.5611
Intercept: 1.2273 (0.0198)
Ratio: 0.1456 (0.0127)
Analysis finished at Mon May  2 04:16:44 2022
Total time elapsed: 9.66s
