*********************************************************************
* LD Score Regression (LDSC)
* Version 1.0.1
* (C) 2014-2019 Brendan Bulik-Sullivan and Hilary Finucane
* Broad Institute of MIT and Harvard / MIT Department of Mathematics
* GNU General Public License v3
*********************************************************************
Call: 
./ldsc.py \
--h2 /Users/irenecho/Desktop/final/ldscstep/step1/cannabis/cannabisstep1.sumstats.gz \
--ref-ld-chr /Users/irenecho/Desktop/BMI/HW4-selected/ldsc_inputs/for_h2/eur_w_ld_chr/ \
--out /Users/irenecho/Desktop/final/ldscstep/step2 \
--w-ld-chr /Users/irenecho/Desktop/BMI/HW4-selected/ldsc_inputs/for_h2/eur_w_ld_chr/ 

Beginning analysis at Tue May  3 19:37:03 2022
Reading summary statistics from /Users/irenecho/Desktop/final/ldscstep/step1/cannabis/cannabisstep1.sumstats.gz ...
Read summary statistics for 1114164 SNPs.
Reading reference panel LD Score from /Users/irenecho/Desktop/BMI/HW4-selected/ldsc_inputs/for_h2/eur_w_ld_chr/[1-22] ... (ldscore_fromlist)
Read reference panel LD Scores for 1293150 SNPs.
Removing partitioned LD Scores with zero variance.
Reading regression weight LD Score from /Users/irenecho/Desktop/BMI/HW4-selected/ldsc_inputs/for_h2/eur_w_ld_chr/[1-22] ... (ldscore_fromlist)
Read regression weight LD Scores for 1293150 SNPs.
After merging with reference panel LD, 1112493 SNPs remain.
After merging with regression SNP LD, 1112493 SNPs remain.
Using two-step estimator with cutoff at 30.
Total Observed scale h2: 0.0187 (0.0017)
Lambda GC: 1.1082
Mean Chi^2: 1.1201
Intercept: 0.9907 (0.0065)
Ratio < 0 (usually indicates GC correction).
Analysis finished at Tue May  3 19:37:14 2022
Total time elapsed: 10.68s
